Automat==20.2.0
Cython==0.29.28
Jinja2==3.0.3
MarkupSafe==2.0.1
PyGObject==3.42.1
PyHamcrest==2.0.2
PyJWT==2.3.0
PyYAML==5.4.1
Pygments==2.19.2
SecretStorage==3.3.1
Send2Trash==1.8.3
Twisted==22.1.0
anyio==4.12.0
argon2-cffi-bindings==25.1.0
argon2-cffi==25.1.0
arrow==1.4.0
asttokens==3.0.1
async-lru==2.0.5
attrs==25.4.0
babel==2.17.0
bcrypt==3.2.0
beautifulsoup4==4.14.3
bleach==6.3.0
blinker==1.4
certifi==2020.6.20
cffi==2.0.0
chardet==4.0.0
charset-normalizer==3.3.2
click==8.0.3
cloud-init==23.3.3
colorama==0.4.4
comm==0.2.3
command-not-found==0.3
configobj==5.0.6
constantly==15.1.0
cryptography==3.4.8
dbus-python==1.2.18
debugpy==1.8.17
decorator==5.2.1
defusedxml==0.7.1
distlib==0.3.8
distro-info==1.1+ubuntu0.2
distro==1.7.0
exceptiongroup==1.3.1
executing==2.2.1
fastjsonschema==2.21.2
filelock==3.15.4
fqdn==1.5.1
h11==0.16.0
httpcore==1.0.9
httplib2==0.20.2
httpx==0.28.1
hyperlink==21.0.0
idna==3.3
importlib-metadata==4.6.4
incremental==21.3.0
ipykernel==7.1.0
ipython==8.37.0
ipywidgets==8.1.8
isoduration==20.11.0
jax==0.6.2
jaxlib==0.6.2
jedi==0.19.2
jeepney==0.7.1
json5==0.12.1
jsonpatch==1.32
jsonpointer==2.0
jsonschema-specifications==2025.9.1
jsonschema==4.25.1
jupyter-console==6.6.3
jupyter-events==0.12.0
jupyter-lsp==2.3.0
jupyter==1.1.1
jupyter_client==8.6.3
jupyter_core==5.9.1
jupyter_server==2.17.0
jupyter_server_terminals==0.5.3
jupyterlab==4.5.0
jupyterlab_pygments==0.3.0
jupyterlab_server==2.28.0
jupyterlab_widgets==3.0.16
jupytext==1.18.1
keyring==23.5.0
lark==1.3.1
launchpadlib==1.10.16
lazr.restfulclient==0.14.4
lazr.uri==1.0.6
libtpu==0.0.17
markdown-it-py==4.0.0
matplotlib-inline==0.2.1
mdit-py-plugins==0.5.0
mdurl==0.1.2
mistune==3.1.4
ml_dtypes==0.5.4
more-itertools==8.10.0
nbclient==0.10.2
nbconvert==7.16.6
nbformat==5.10.4
nest-asyncio==1.6.0
netifaces==0.11.0
notebook==7.5.0
notebook_shim==0.2.4
numpy==2.2.6
oauthlib==3.2.0
opt_einsum==3.4.0
overrides==7.7.0
packaging==24.1
pandocfilters==1.5.1
parso==0.8.5
pexpect==4.8.0
platformdirs==4.2.2
prometheus_client==0.23.1
prompt_toolkit==3.0.52
psutil==7.1.3
ptyprocess==0.7.0
pure_eval==0.2.3
pyOpenSSL==21.0.0
pyasn1-modules==0.2.1
pyasn1==0.4.8
pycparser==2.23
pyparsing==2.4.7
pyrsistent==0.18.1
pyserial==3.5
python-apt==2.4.0+ubuntu2
python-dateutil==2.9.0.post0
python-debian==0.1.43+ubuntu1.1
python-json-logger==4.0.0
python-magic==0.4.24
pytz==2022.1
pyzmq==27.1.0
referencing==0.37.0
requests==2.32.3
rfc3339-validator==0.1.4
rfc3986-validator==0.1.1
rfc3987-syntax==1.1.0
rpds-py==0.30.0
scipy==1.15.3
service-identity==18.1.0
six==1.16.0
sos==4.5.6
soupsieve==2.8
ssh-import-id==5.11
stack-data==0.6.3
systemd-python==234
terminado==0.18.1
tinycss2==1.4.0
tomli==2.3.0
tornado==6.5.2
traitlets==5.14.3
typing_extensions==4.15.0
tzdata==2025.2
ubuntu-advantage-tools==8001
ufw==0.36.1
unattended-upgrades==0.1
uri-template==1.3.0
urllib3==1.26.5
virtualenv==20.26.3
wadllib==1.3.6
wcwidth==0.2.14
webcolors==25.10.0
webencodings==0.5.1
websocket-client==1.9.0
widgetsnbextension==4.0.15
zipp==1.0.0
zope.interface==5.4.0
